<?xml version="1.0" encoding="UTF-8"?>
<!-- Generated by org.testng.reporters.JUnitReportReporter -->
<testsuite skipped="0" hostname="Rennys-MacBook-Air.local" name="com.singtel.todo.selenium.TestRunner" tests="1" failures="0" timestamp="2022-10-26T22:35:46 SGT" time="0.005" errors="0">
  <testcase name="setup" time="0.005" classname="com.singtel.todo.selenium.TestRunner"/>
  <system-out/>
</testsuite> <!-- com.singtel.todo.selenium.TestRunner -->
